

Microchip MPLAB XC8 Assembler V2.31 build 20201012212115 
                                                                                               Tue Feb 23 01:04:43 2021

Microchip MPLAB XC8 C Compiler v2.31 (Free license) build 20201012212115 Og1 
     1                           	processor	16F887
     2                           	pagewidth 120
     3                           	opt	flic
     4                           	psect	cinit,global,class=CODE,merge=1,delta=2
     5                           	psect	bssCOMMON,global,class=COMMON,space=1,delta=1,noexec
     6                           	psect	bssBANK0,global,class=BANK0,space=1,delta=1,noexec
     7                           	psect	clrtext,global,class=CODE,delta=2
     8                           	psect	cstackCOMMON,global,class=COMMON,space=1,delta=1,noexec
     9                           	psect	maintext,global,class=CODE,split=1,delta=2
    10                           	psect	config,global,abs,ovrld,class=CONFIG,space=4,delta=2,noexec
    11                           	dabs	1,0x7E,2
    12  0000                     
    13                           ; Version 2.20
    14                           ; Generated 12/02/2020 GMT
    15                           ; 
    16                           ; Copyright © 2020, Microchip Technology Inc. and its subsidiaries ("Microchip")
    17                           ; All rights reserved.
    18                           ; 
    19                           ; This software is developed by Microchip Technology Inc. and its subsidiaries ("Microch
      +                          ip").
    20                           ; 
    21                           ; Redistribution and use in source and binary forms, with or without modification, are
    22                           ; permitted provided that the following conditions are met:
    23                           ; 
    24                           ;     1. Redistributions of source code must retain the above copyright notice, this lis
      +                          t of
    25                           ;        conditions and the following disclaimer.
    26                           ; 
    27                           ;     2. Redistributions in binary form must reproduce the above copyright notice, this 
      +                          list
    28                           ;        of conditions and the following disclaimer in the documentation and/or other
    29                           ;        materials provided with the distribution.
    30                           ; 
    31                           ;     3. Microchip's name may not be used to endorse or promote products derived from th
      +                          is
    32                           ;        software without specific prior written permission.
    33                           ; 
    34                           ; THIS SOFTWARE IS PROVIDED BY MICROCHIP "AS IS" AND ANY EXPRESS OR IMPLIED WARRANTIES,
    35                           ; INCLUDING, BUT NOT LIMITED TO, THE IMPLIED WARRANTIES OF MERCHANTABILITY AND FITNESS F
      +                          OR
    36                           ; PURPOSE ARE DISCLAIMED.  IN NO EVENT SHALL MICROCHIP BE LIABLE FOR ANY DIRECT, INDIREC
      +                          T,
    37                           ; INCIDENTAL, SPECIAL, EXEMPLARY, OR CONSEQUENTIAL DAMAGES (INCLUDING BUT NOT LIMITED TO
    38                           ; PROCUREMENT OF SUBSTITUTE GOODS OR SERVICES; LOSS OF USE, DATA OR PROFITS; OR BUSINESS
    39                           ; INTERRUPTION) HOWSOEVER CAUSED AND ON ANY THEORY OF LIABILITY, WHETHER IN CONTRACT, ST
      +                          RICT
    40                           ; LIABILITY, OR TORT (INCLUDING NEGLIGENCE OR OTHERWISE) ARISING IN ANY WAY OUT OF THE U
      +                          SE OF
    41                           ; THIS SOFTWARE, EVEN IF ADVISED OF THE POSSIBILITY OF SUCH DAMAGE.
    42                           ; 
    43                           ; 
    44                           ; Code-generator required, PIC16F887 Definitions
    45                           ; 
    46                           ; SFR Addresses
    47  0000                     	;# 
    48  0001                     	;# 
    49  0002                     	;# 
    50  0003                     	;# 
    51  0004                     	;# 
    52  0005                     	;# 
    53  0006                     	;# 
    54  0007                     	;# 
    55  0008                     	;# 
    56  0009                     	;# 
    57  000A                     	;# 
    58  000B                     	;# 
    59  000C                     	;# 
    60  000D                     	;# 
    61  000E                     	;# 
    62  000E                     	;# 
    63  000F                     	;# 
    64  0010                     	;# 
    65  0011                     	;# 
    66  0012                     	;# 
    67  0013                     	;# 
    68  0014                     	;# 
    69  0015                     	;# 
    70  0015                     	;# 
    71  0016                     	;# 
    72  0017                     	;# 
    73  0018                     	;# 
    74  0019                     	;# 
    75  001A                     	;# 
    76  001B                     	;# 
    77  001B                     	;# 
    78  001C                     	;# 
    79  001D                     	;# 
    80  001E                     	;# 
    81  001F                     	;# 
    82  0081                     	;# 
    83  0085                     	;# 
    84  0086                     	;# 
    85  0087                     	;# 
    86  0088                     	;# 
    87  0089                     	;# 
    88  008C                     	;# 
    89  008D                     	;# 
    90  008E                     	;# 
    91  008F                     	;# 
    92  0090                     	;# 
    93  0091                     	;# 
    94  0092                     	;# 
    95  0093                     	;# 
    96  0093                     	;# 
    97  0093                     	;# 
    98  0094                     	;# 
    99  0095                     	;# 
   100  0096                     	;# 
   101  0097                     	;# 
   102  0098                     	;# 
   103  0099                     	;# 
   104  009A                     	;# 
   105  009B                     	;# 
   106  009C                     	;# 
   107  009D                     	;# 
   108  009E                     	;# 
   109  009F                     	;# 
   110  0105                     	;# 
   111  0107                     	;# 
   112  0108                     	;# 
   113  0109                     	;# 
   114  010C                     	;# 
   115  010C                     	;# 
   116  010D                     	;# 
   117  010E                     	;# 
   118  010F                     	;# 
   119  0185                     	;# 
   120  0187                     	;# 
   121  0188                     	;# 
   122  0189                     	;# 
   123  018C                     	;# 
   124  018D                     	;# 
   125  0000                     	;# 
   126  0001                     	;# 
   127  0002                     	;# 
   128  0003                     	;# 
   129  0004                     	;# 
   130  0005                     	;# 
   131  0006                     	;# 
   132  0007                     	;# 
   133  0008                     	;# 
   134  0009                     	;# 
   135  000A                     	;# 
   136  000B                     	;# 
   137  000C                     	;# 
   138  000D                     	;# 
   139  000E                     	;# 
   140  000E                     	;# 
   141  000F                     	;# 
   142  0010                     	;# 
   143  0011                     	;# 
   144  0012                     	;# 
   145  0013                     	;# 
   146  0014                     	;# 
   147  0015                     	;# 
   148  0015                     	;# 
   149  0016                     	;# 
   150  0017                     	;# 
   151  0018                     	;# 
   152  0019                     	;# 
   153  001A                     	;# 
   154  001B                     	;# 
   155  001B                     	;# 
   156  001C                     	;# 
   157  001D                     	;# 
   158  001E                     	;# 
   159  001F                     	;# 
   160  0081                     	;# 
   161  0085                     	;# 
   162  0086                     	;# 
   163  0087                     	;# 
   164  0088                     	;# 
   165  0089                     	;# 
   166  008C                     	;# 
   167  008D                     	;# 
   168  008E                     	;# 
   169  008F                     	;# 
   170  0090                     	;# 
   171  0091                     	;# 
   172  0092                     	;# 
   173  0093                     	;# 
   174  0093                     	;# 
   175  0093                     	;# 
   176  0094                     	;# 
   177  0095                     	;# 
   178  0096                     	;# 
   179  0097                     	;# 
   180  0098                     	;# 
   181  0099                     	;# 
   182  009A                     	;# 
   183  009B                     	;# 
   184  009C                     	;# 
   185  009D                     	;# 
   186  009E                     	;# 
   187  009F                     	;# 
   188  0105                     	;# 
   189  0107                     	;# 
   190  0108                     	;# 
   191  0109                     	;# 
   192  010C                     	;# 
   193  010C                     	;# 
   194  010D                     	;# 
   195  010E                     	;# 
   196  010F                     	;# 
   197  0185                     	;# 
   198  0187                     	;# 
   199  0188                     	;# 
   200  0189                     	;# 
   201  018C                     	;# 
   202  018D                     	;# 
   203  0000                     	;# 
   204  0001                     	;# 
   205  0002                     	;# 
   206  0003                     	;# 
   207  0004                     	;# 
   208  0005                     	;# 
   209  0006                     	;# 
   210  0007                     	;# 
   211  0008                     	;# 
   212  0009                     	;# 
   213  000A                     	;# 
   214  000B                     	;# 
   215  000C                     	;# 
   216  000D                     	;# 
   217  000E                     	;# 
   218  000E                     	;# 
   219  000F                     	;# 
   220  0010                     	;# 
   221  0011                     	;# 
   222  0012                     	;# 
   223  0013                     	;# 
   224  0014                     	;# 
   225  0015                     	;# 
   226  0015                     	;# 
   227  0016                     	;# 
   228  0017                     	;# 
   229  0018                     	;# 
   230  0019                     	;# 
   231  001A                     	;# 
   232  001B                     	;# 
   233  001B                     	;# 
   234  001C                     	;# 
   235  001D                     	;# 
   236  001E                     	;# 
   237  001F                     	;# 
   238  0081                     	;# 
   239  0085                     	;# 
   240  0086                     	;# 
   241  0087                     	;# 
   242  0088                     	;# 
   243  0089                     	;# 
   244  008C                     	;# 
   245  008D                     	;# 
   246  008E                     	;# 
   247  008F                     	;# 
   248  0090                     	;# 
   249  0091                     	;# 
   250  0092                     	;# 
   251  0093                     	;# 
   252  0093                     	;# 
   253  0093                     	;# 
   254  0094                     	;# 
   255  0095                     	;# 
   256  0096                     	;# 
   257  0097                     	;# 
   258  0098                     	;# 
   259  0099                     	;# 
   260  009A                     	;# 
   261  009B                     	;# 
   262  009C                     	;# 
   263  009D                     	;# 
   264  009E                     	;# 
   265  009F                     	;# 
   266  0105                     	;# 
   267  0107                     	;# 
   268  0108                     	;# 
   269  0109                     	;# 
   270  010C                     	;# 
   271  010C                     	;# 
   272  010D                     	;# 
   273  010E                     	;# 
   274  010F                     	;# 
   275  0185                     	;# 
   276  0187                     	;# 
   277  0188                     	;# 
   278  0189                     	;# 
   279  018C                     	;# 
   280  018D                     	;# 
   281  0009                     _PORTEbits	set	9
   282  0008                     _PORTD	set	8
   283                           
   284                           	psect	cinit
   285  07EB                     start_initialization:	
   286                           ; #config settings
   287                           
   288  07EB                     __initialization:
   289                           
   290                           ; Clear objects allocated to COMMON
   291  07EB  3070               	movlw	low __pbssCOMMON
   292  07EC  0084               	movwf	4
   293  07ED  307B               	movlw	low (__pbssCOMMON+11)
   294  07EE  120A  118A  27E3  120A  118A  	fcall	clear_ram0
   295                           
   296                           ; Clear objects allocated to BANK0
   297  07F3  1383               	bcf	3,7	;select IRP bank0
   298  07F4  3020               	movlw	low __pbssBANK0
   299  07F5  0084               	movwf	4
   300  07F6  3036               	movlw	low (__pbssBANK0+22)
   301  07F7  120A  118A  27E3  120A  118A  	fcall	clear_ram0
   302  07FC                     end_of_initialization:	
   303                           ;End of C runtime variable initialization code
   304                           
   305  07FC                     __end_of__initialization:
   306  07FC  0183               	clrf	3
   307  07FD  120A  118A  2FE0   	ljmp	_main	;jump to C main() function
   308                           
   309                           	psect	bssCOMMON
   310  0070                     __pbssCOMMON:
   311  0070                     _ban_an2:
   312  0070                     	ds	2
   313  0072                     _ban_an1:
   314  0072                     	ds	2
   315  0074                     _eusart_flag:
   316  0074                     	ds	1
   317  0075                     _adc_flag:
   318  0075                     	ds	1
   319  0076                     _str_pos:
   320  0076                     	ds	1
   321  0077                     _uart_cont:
   322  0077                     	ds	1
   323  0078                     _uart_data:
   324  0078                     	ds	1
   325  0079                     _adc_data2:
   326  0079                     	ds	1
   327  007A                     _adc_data1:
   328  007A                     	ds	1
   329                           
   330                           	psect	bssBANK0
   331  0020                     __pbssBANK0:
   332  0020                     _str_pot_a:
   333  0020                     	ds	12
   334  002C                     _str_pot_b:
   335  002C                     	ds	10
   336                           
   337                           	psect	clrtext
   338  07E3                     clear_ram0:	
   339                           ;	Called with FSR containing the base address, and
   340                           ;	W with the last address+1
   341                           
   342  07E3  0064               	clrwdt	;clear the watchdog before getting into this loop
   343  07E4                     clrloop0:
   344  07E4  0180               	clrf	0	;clear RAM location pointed to by FSR
   345  07E5  0A84               	incf	4,f	;increment pointer
   346  07E6  0604               	xorwf	4,w	;XOR with final address
   347  07E7  1903               	btfsc	3,2	;have we reached the end yet?
   348  07E8  3400               	retlw	0	;all done for this memory range, return
   349  07E9  0604               	xorwf	4,w	;XOR again to restore value
   350  07EA  2FE4               	goto	clrloop0	;do the next byte
   351                           
   352                           	psect	cstackCOMMON
   353  0000                     __pcstackCOMMON:
   354  0000                     ?_main:
   355  0000                     ??_main:	
   356                           ; 1 bytes @ 0x0
   357                           
   358                           
   359                           	psect	maintext
   360  07E0                     __pmaintext:	
   361                           ; 1 bytes @ 0x0
   362 ;;
   363 ;;Main: autosize = 0, tempsize = 0, incstack = 0, save=0
   364 ;;
   365 ;; *************** function _main *****************
   366 ;; Defined at:
   367 ;;		line 40 in file "rutina_adc.c"
   368 ;; Parameters:    Size  Location     Type
   369 ;;		None
   370 ;; Auto vars:     Size  Location     Type
   371 ;;		None
   372 ;; Return value:  Size  Location     Type
   373 ;;                  1    wreg      void 
   374 ;; Registers used:
   375 ;;		None
   376 ;; Tracked objects:
   377 ;;		On entry : B00/0
   378 ;;		On exit  : 0/0
   379 ;;		Unchanged: 0/0
   380 ;; Data sizes:     COMMON   BANK0   BANK1   BANK3   BANK2
   381 ;;      Params:         0       0       0       0       0
   382 ;;      Locals:         0       0       0       0       0
   383 ;;      Temps:          0       0       0       0       0
   384 ;;      Totals:         0       0       0       0       0
   385 ;;Total ram usage:        0 bytes
   386 ;; This function calls:
   387 ;;		Nothing
   388 ;; This function is called by:
   389 ;;		Startup code after reset
   390 ;; This function uses a non-reentrant model
   391 ;;
   392                           
   393                           
   394                           ;psect for function _main
   395  07E0                     _main:
   396  07E0                     l27:	
   397                           ;incstack = 0
   398                           ; Regs used in _main: []
   399                           
   400  07E0  120A  118A  2800   	ljmp	start
   401  07E3                     __end_of_main:
   402  007E                     btemp	set	126	;btemp
   403  007E                     wtemp0	set	126
   404                           
   405                           	psect	config
   406                           
   407                           ;Config register CONFIG1 @ 0x2007
   408                           ;	Oscillator Selection bits
   409                           ;	FOSC = INTRC_NOCLKOUT, INTOSCIO oscillator: I/O function on RA6/OSC2/CLKOUT pin, I/O f
      +                          unction on RA7/OSC1/CLKIN
   410                           ;	Watchdog Timer Enable bit
   411                           ;	WDTE = OFF, WDT disabled and can be enabled by SWDTEN bit of the WDTCON register
   412                           ;	Power-up Timer Enable bit
   413                           ;	PWRTE = OFF, PWRT disabled
   414                           ;	RE3/MCLR pin function select bit
   415                           ;	MCLRE = OFF, RE3/MCLR pin function is digital input, MCLR internally tied to VDD
   416                           ;	Code Protection bit
   417                           ;	CP = OFF, Program memory code protection is disabled
   418                           ;	Data Code Protection bit
   419                           ;	CPD = OFF, Data memory code protection is disabled
   420                           ;	Brown Out Reset Selection bits
   421                           ;	BOREN = OFF, BOR disabled
   422                           ;	Internal External Switchover bit
   423                           ;	IESO = OFF, Internal/External Switchover mode is disabled
   424                           ;	Fail-Safe Clock Monitor Enabled bit
   425                           ;	FCMEN = OFF, Fail-Safe Clock Monitor is disabled
   426                           ;	Low Voltage Programming Enable bit
   427                           ;	LVP = OFF, RB3 pin has digital I/O, HV on MCLR must be used for programming
   428                           ;	In-Circuit Debugger Mode bit
   429                           ;	DEBUG = 0x1, unprogrammed default
   430  2007                     	org	8199
   431  2007  20D4               	dw	8404
   432                           
   433                           ;Config register CONFIG2 @ 0x2008
   434                           ;	Brown-out Reset Selection bit
   435                           ;	BOR4V = BOR40V, Brown-out Reset set to 4.0V
   436                           ;	Flash Program Memory Self Write Enable bits
   437                           ;	WRT = OFF, Write protection off
   438  2008                     	org	8200
   439  2008  3FFF               	dw	16383

Data Sizes:
    Strings     0
    Constant    0
    Data        0
    BSS         33
    Persistent  0
    Stack       0

Auto Spaces:
    Space          Size  Autos    Used
    COMMON           14      0      11
    BANK0            80      0      22
    BANK1            80      0       0
    BANK3            96      0       0
    BANK2            96      0       0

Pointer List with Targets:

    None.

Critical Paths under _main in COMMON

    None.

Critical Paths under _main in BANK0

    None.

Critical Paths under _main in BANK1

    None.

Critical Paths under _main in BANK3

    None.

Critical Paths under _main in BANK2

    None.

Call Graph Tables:

 ---------------------------------------------------------------------------------
 (Depth) Function   	        Calls       Base Space   Used Autos Params    Refs
 ---------------------------------------------------------------------------------
 (0) _main                                                 0     0      0       0
 ---------------------------------------------------------------------------------
 Estimated maximum stack depth 0
 ---------------------------------------------------------------------------------

 Call Graph Graphs:

 _main (ROOT)

 Address spaces:
Name               Size   Autos  Total    Cost      Usage
BITCOMMON            E      0       0       0        0.0%
EEDATA             100      0       0       0        0.0%
NULL                 0      0       0       0        0.0%
CODE                 0      0       0       0        0.0%
COMMON               E      0       B       1       78.6%
BITSFR0              0      0       0       1        0.0%
SFR0                 0      0       0       1        0.0%
BITSFR1              0      0       0       2        0.0%
SFR1                 0      0       0       2        0.0%
STACK                0      0       0       2        0.0%
ABS                  0      0      21       3        0.0%
BITBANK0            50      0       0       4        0.0%
BITSFR3              0      0       0       4        0.0%
SFR3                 0      0       0       4        0.0%
BANK0               50      0      16       5       27.5%
BITSFR2              0      0       0       5        0.0%
SFR2                 0      0       0       5        0.0%
BITBANK1            50      0       0       6        0.0%
BANK1               50      0       0       7        0.0%
BITBANK3            60      0       0       8        0.0%
BANK3               60      0       0       9        0.0%
BITBANK2            60      0       0      10        0.0%
BANK2               60      0       0      11        0.0%
DATA                 0      0      21      12        0.0%


Microchip Technology PIC Macro Assembler V2.31 build 20201012212115 
Symbol Table                                                                                   Tue Feb 23 01:04:43 2021

                     l27 07E0                       fsr 0004                      indf 0000  
                   _main 07E0                     btemp 007E                     start 0000  
                  ?_main 0000                    _PORTD 0008                    status 0003  
                  wtemp0 007E          __initialization 07EB             __end_of_main 07E3  
                 ??_main 0000  __end_of__initialization 07FC           __pcstackCOMMON 0000  
             __pbssBANK0 0020               __pmaintext 07E0                  _ban_an1 0072  
                _ban_an2 0070                  clrloop0 07E4                  _str_pos 0076  
   end_of_initialization 07FC                _PORTEbits 0009      start_initialization 07EB  
            __pbssCOMMON 0070                ___latbits 0002                _adc_data1 007A  
              _adc_data2 0079                clear_ram0 07E3                _uart_data 0078  
              _uart_cont 0077                _str_pot_a 0020                _str_pot_b 002C  
               _adc_flag 0075              _eusart_flag 0074            __size_of_main 0003  
